error: error en la app
error: error en la app
error: error en la app
error: logger tipo error
error: error en la app
error: logger tipo error
error: error en la app
error: logger tipo error
error: error en la app
error: logger tipo error
error: undefined
error: undefined
error: undefined
error: undefined
error: undefined
error: undefined
error: undefined
error: undefined
error: undefined
error: undefined
error: undefined
error: undefined
error: undefined
error: undefined
error: undefined
error: undefined {"code":2,"name":"Product not found"}
error: undefined {"code":2,"name":"Product not found"}
error: undefined {"code":2,"name":"Product not found"}
error: undefined {"code":2,"name":"Product not found"}
error: undefined {"code":2,"name":"Product not found"}
error: undefined {"code":2,"name":"Product not found"}
error: undefined {"code":2,"name":"Product not found"}
error: undefined {"code":2,"name":"Product not found"}
error: undefined {"code":2,"name":"Product not found"}
error: undefined {"code":2,"name":"Product not found"}
error: undefined {"code":2,"name":"Product not found"}
error: undefined {"code":2,"name":"Product not foundd"}
error: undefined {"code":2,"name":"Product not foundd"}
error: undefined {"code":2,"name":"Product not foundd"}
error: undefined {"code":2,"name":"Product not foundd"}
error: undefined {"code":2,"name":"Product not foundd"}
error: undefined {"code":2,"name":"Product not foundd"}
error: undefined {"code":2,"name":"Product not foundd"}
error: undefined {"code":2,"name":"Product not foundd"}
error: undefined {"code":2,"name":"Product not foundd"}
error: undefined {"code":2,"name":"Product not foundd"}
error: undefined {"code":2,"name":"Product not foundd"}
error: undefined {"code":2,"name":"Product not foundd"}
error: undefined {"code":2,"name":"Product not foundd"}
error: undefined {"code":2,"name":"Product not foundd"}
error: undefined {"code":2,"name":"Product not foundd"}
error: undefined {"code":2,"name":"Product not foundd"}
error: undefined {"code":2,"name":"Product not foundd"}
error: undefined {"code":2,"name":"Product not foundd"}
error: undefined {"code":2,"name":"Product not foundd"}
error: undefined {"code":2,"name":"Product not foundd"}
error: undefined
error: undefined
error: undefined
error: undefined
error: undefined
error: undefined
error: undefined {"code":2,"name":"Product not foundd"}
error: undefined {"code":2,"name":"Product not foundd"}
error: undefined
error: undefined
error: undefined
error: undefined
error: undefined
error: undefined
error: undefined
error: undefined
error: undefined
error: undefined
error: undefined
error: undefined
error: undefined
error: undefined
error: undefined
error: undefined {"code":2,"name":"Product not foundd"}
error: undefined {"code":2,"name":"Product not foundd"}
error: undefined
error: undefined {"code":2,"name":"Product not foundd"}
error: undefined {"code":2,"name":"Product not foundd"}
error: undefined
error: undefined
error: undefined
error: undefined
error: undefined
error: undefined
error: undefined
error: undefined
error: undefined
error: undefined
error: undefined
error: undefined
error: undefined
error: undefined
error: undefined
error: undefined
error: undefined
error: undefined
